Generated at 2014-04-11 10:46:06 +0900
Chef::Exceptions::CookbookNotFound: Cookbook windows not found. If you're loading windows from another cookbook, make sure you configure the dependency in your metadata
C:/opscode/chef/embedded/lib/ruby/gems/1.9.1/gems/chef-11.12.2-x86-mingw32/lib/chef/cookbook/cookbook_collection.rb:38:in `block in initialize'
C:/opscode/chef/embedded/lib/ruby/gems/1.9.1/gems/ohai-7.0.2/lib/ohai/mash.rb:77:in `yield'
C:/opscode/chef/embedded/lib/ruby/gems/1.9.1/gems/ohai-7.0.2/lib/ohai/mash.rb:77:in `default'
C:/opscode/chef/embedded/lib/ruby/gems/1.9.1/gems/ohai-7.0.2/lib/ohai/mash.rb:77:in `default'
C:/opscode/chef/embedded/lib/ruby/gems/1.9.1/gems/chef-11.12.2-x86-mingw32/lib/chef/run_context/cookbook_compiler.rb:277:in `[]'
C:/opscode/chef/embedded/lib/ruby/gems/1.9.1/gems/chef-11.12.2-x86-mingw32/lib/chef/run_context/cookbook_compiler.rb:277:in `each_cookbook_dep'
C:/opscode/chef/embedded/lib/ruby/gems/1.9.1/gems/chef-11.12.2-x86-mingw32/lib/chef/run_context/cookbook_compiler.rb:255:in `add_cookbook_with_deps'
C:/opscode/chef/embedded/lib/ruby/gems/1.9.1/gems/chef-11.12.2-x86-mingw32/lib/chef/run_context/cookbook_compiler.rb:88:in `block in cookbook_order'
C:/opscode/chef/embedded/lib/ruby/gems/1.9.1/gems/chef-11.12.2-x86-mingw32/lib/chef/run_context/cookbook_compiler.rb:86:in `each'
C:/opscode/chef/embedded/lib/ruby/gems/1.9.1/gems/chef-11.12.2-x86-mingw32/lib/chef/run_context/cookbook_compiler.rb:86:in `cookbook_order'
C:/opscode/chef/embedded/lib/ruby/gems/1.9.1/gems/chef-11.12.2-x86-mingw32/lib/chef/run_context/cookbook_compiler.rb:98:in `compile_libraries'
C:/opscode/chef/embedded/lib/ruby/gems/1.9.1/gems/chef-11.12.2-x86-mingw32/lib/chef/run_context/cookbook_compiler.rb:71:in `compile'
C:/opscode/chef/embedded/lib/ruby/gems/1.9.1/gems/chef-11.12.2-x86-mingw32/lib/chef/run_context.rb:88:in `load'
C:/opscode/chef/embedded/lib/ruby/gems/1.9.1/gems/chef-11.12.2-x86-mingw32/lib/chef/policy_builder/expand_node_object.rb:73:in `setup_run_context'
C:/opscode/chef/embedded/lib/ruby/gems/1.9.1/gems/chef-11.12.2-x86-mingw32/lib/chef/client.rb:265:in `setup_run_context'
C:/opscode/chef/embedded/lib/ruby/gems/1.9.1/gems/chef-11.12.2-x86-mingw32/lib/chef/client.rb:429:in `do_run'
C:/opscode/chef/embedded/lib/ruby/gems/1.9.1/gems/chef-11.12.2-x86-mingw32/lib/chef/client.rb:227:in `run'
C:/opscode/chef/embedded/lib/ruby/gems/1.9.1/gems/chef-11.12.2-x86-mingw32/lib/chef/application.rb:217:in `run_chef_client'
C:/opscode/chef/embedded/lib/ruby/gems/1.9.1/gems/chef-11.12.2-x86-mingw32/lib/chef/application/solo.rb:221:in `block in run_application'
C:/opscode/chef/embedded/lib/ruby/gems/1.9.1/gems/chef-11.12.2-x86-mingw32/lib/chef/application/solo.rb:213:in `loop'
C:/opscode/chef/embedded/lib/ruby/gems/1.9.1/gems/chef-11.12.2-x86-mingw32/lib/chef/application/solo.rb:213:in `run_application'
C:/opscode/chef/embedded/lib/ruby/gems/1.9.1/gems/chef-11.12.2-x86-mingw32/lib/chef/application.rb:67:in `run'
C:/opscode/chef/embedded/lib/ruby/gems/1.9.1/gems/chef-11.12.2-x86-mingw32/bin/chef-solo:25:in `<top (required)>'
C:/opscode/chef/bin/chef-solo:23:in `load'
C:/opscode/chef/bin/chef-solo:23:in `<main>'